{"type":"server-started","port":55809,"host":"127.0.0.1","url_host":"localhost","url":"http://localhost:55809","screen_dir":"/Users/kuike/Desktop/RANDOM/Portfolio/.superpowers/brainstorm/97607-1777155582/content","state_dir":"/Users/kuike/Desktop/RANDOM/Portfolio/.superpowers/brainstorm/97607-1777155582/state"}
{"type":"screen-added","file":"/Users/kuike/Desktop/RANDOM/Portfolio/.superpowers/brainstorm/97607-1777155582/content/sc2-faction.html"}
{"type":"screen-updated","file":"/Users/kuike/Desktop/RANDOM/Portfolio/.superpowers/brainstorm/97607-1777155582/content/sc2-faction.html"}
{"source":"user-event","type":"click","text":"En Taro Adun\n        \n        \n        \n          ⬡   ⬡   ⬡\n        \n      \n    \n    \n      Protoss — Ancient Technology\n      \n        Deep purples, gold accents, glowing psionic blue. Geometric hexagons,\n        crystalline shapes, ethereal glow effects. Feels advanced, mysterious,\n        elegant. Think: holographic interfaces, energy fields, sacred geometry.","choice":"protoss","id":null,"timestamp":1777155637429}
{"type":"screen-added","file":"/Users/kuike/Desktop/RANDOM/Portfolio/.superpowers/brainstorm/97607-1777155582/content/waiting-1.html"}
{"type":"screen-updated","file":"/Users/kuike/Desktop/RANDOM/Portfolio/.superpowers/brainstorm/97607-1777155582/content/waiting-1.html"}
{"type":"screen-added","file":"/Users/kuike/Desktop/RANDOM/Portfolio/.superpowers/brainstorm/97607-1777155582/content/layout.html"}
{"type":"screen-updated","file":"/Users/kuike/Desktop/RANDOM/Portfolio/.superpowers/brainstorm/97607-1777155582/content/layout.html"}
{"source":"user-event","type":"click","text":"ABOUT\n        \n        \n          SKILLS\n        \n        \n          PROJECTS\n        \n        \n          CONTACT\n        \n      \n      \n        CLICK TO NAVIGATE BETWEEN NODES\n      \n    \n    \n      C — Starmap Navigation\n      \n        An SC2-style galaxy map as the main navigation — click nodes to jump to\n        sections. Ultra creative, totally unique. High effort, high reward.\n        Makes the portfolio itself feel like an interactive experience.","choice":"starmap","id":null,"timestamp":1777155765197}
{"source":"user-event","type":"click","text":"ABOUT\n        \n        \n          SKILLS\n        \n        \n          PROJECTS\n        \n        \n          CONTACT\n        \n      \n      \n        CLICK TO NAVIGATE BETWEEN NODES\n      \n    \n    \n      C — Starmap Navigation\n      \n        An SC2-style galaxy map as the main navigation — click nodes to jump to\n        sections. Ultra creative, totally unique. High effort, high reward.\n        Makes the portfolio itself feel like an interactive experience.","choice":"starmap","id":null,"timestamp":1777155772363}
{"source":"user-event","type":"click","text":"ABOUT\n        \n        \n          SKILLS\n        \n        \n          PROJECTS\n        \n        \n          CONTACT\n        \n      \n      \n        CLICK TO NAVIGATE BETWEEN NODES\n      \n    \n    \n      C — Starmap Navigation\n      \n        An SC2-style galaxy map as the main navigation — click nodes to jump to\n        sections. Ultra creative, totally unique. High effort, high reward.\n        Makes the portfolio itself feel like an interactive experience.","choice":"starmap","id":null,"timestamp":1777155772524}
{"source":"user-event","type":"click","text":"ABOUT\n        \n        \n          SKILLS\n        \n        \n          PROJECTS\n        \n        \n          CONTACT\n        \n      \n      \n        CLICK TO NAVIGATE BETWEEN NODES\n      \n    \n    \n      C — Starmap Navigation\n      \n        An SC2-style galaxy map as the main navigation — click nodes to jump to\n        sections. Ultra creative, totally unique. High effort, high reward.\n        Makes the portfolio itself feel like an interactive experience.","choice":"starmap","id":null,"timestamp":1777155773128}
{"type":"screen-added","file":"/Users/kuike/Desktop/RANDOM/Portfolio/.superpowers/brainstorm/97607-1777155582/content/sections.html"}
{"type":"screen-updated","file":"/Users/kuike/Desktop/RANDOM/Portfolio/.superpowers/brainstorm/97607-1777155582/content/sections.html"}
{"source":"user-event","type":"click","text":"⬡\n    \n      Home / Hero Node\n      \n        The center nexus — your name, title, animated tagline, and the starmap\n        itself. Entry point of the galaxy.","choice":"hero","id":null,"timestamp":1777155815463}
{"source":"user-event","type":"click","text":"⬡\n    \n      About Me\n      \n        Who you are, your background, what drives you. Short bio + photo or\n        avatar. Could include education (UTEP).","choice":"about","id":null,"timestamp":1777155816063}
{"source":"user-event","type":"click","text":"⬡\n    \n      Skills / Tech Stack\n      \n        Languages, frameworks, tools you know. Could be a visual grid of icons\n        or psionic-powered \"research tree\" style.","choice":"skills","id":null,"timestamp":1777155816463}
{"source":"user-event","type":"click","text":"⬡\n    \n      Projects (GitHub Repos)\n      \n        All public repos fetched via GitHub API. Cards with live demo button for\n        repos with GitHub Pages / deployed URLs.","choice":"projects","id":null,"timestamp":1777155817396}
{"source":"user-event","type":"click","text":"⬡\n    \n      AI / ML Showcase\n      \n        Dedicated node for your AI/ML work — models, experiments, notebooks.\n        Separates it from general projects.","choice":"ai","id":null,"timestamp":1777155818779}
{"source":"user-event","type":"click","text":"⬡\n    \n      Contact\n      \n        Email, LinkedIn, GitHub links. Maybe a simple contact form. The final\n        destination node.","choice":"contact","id":null,"timestamp":1777155820912}
{"type":"screen-added","file":"/Users/kuike/Desktop/RANDOM/Portfolio/.superpowers/brainstorm/97607-1777155582/content/background-anim.html"}
{"type":"screen-updated","file":"/Users/kuike/Desktop/RANDOM/Portfolio/.superpowers/brainstorm/97607-1777155582/content/background-anim.html"}
{"type":"screen-added","file":"/Users/kuike/Desktop/RANDOM/Portfolio/.superpowers/brainstorm/97607-1777155582/content/skills-style.html"}
{"type":"screen-updated","file":"/Users/kuike/Desktop/RANDOM/Portfolio/.superpowers/brainstorm/97607-1777155582/content/skills-style.html"}
{"source":"user-event","type":"click","text":"FULL STACK\n        \n        \n        \n          \n          \n          \n          \n          \n          \n          \n        \n        \n        \n          FRONTEND\n        \n        \n          AI / ML\n        \n        \n          BACKEND\n        \n        \n        \n          React\n        \n        \n          Next.js\n        \n        \n          Node.js\n        \n        \n          Python\n        \n      \n    \n    \n      A — Protoss Research Tree\n      \n        Skills as an unlocked tech tree — root categories branch into specific\n        techs. Hover to see proficiency glow. Feels exactly like the SC2 Protoss\n        upgrade panel. Unique, immersive, on-brand.","choice":"techtree","id":null,"timestamp":1777155975282}
{"type":"screen-added","file":"/Users/kuike/Desktop/RANDOM/Portfolio/.superpowers/brainstorm/97607-1777155582/content/waiting-2.html"}
{"type":"screen-updated","file":"/Users/kuike/Desktop/RANDOM/Portfolio/.superpowers/brainstorm/97607-1777155582/content/waiting-2.html"}
{"type":"screen-added","file":"/Users/kuike/Desktop/RANDOM/Portfolio/.superpowers/brainstorm/97607-1777155582/content/design-overview.html"}
{"type":"screen-updated","file":"/Users/kuike/Desktop/RANDOM/Portfolio/.superpowers/brainstorm/97607-1777155582/content/design-overview.html"}
{"type":"screen-added","file":"/Users/kuike/Desktop/RANDOM/Portfolio/.superpowers/brainstorm/97607-1777155582/content/animations-ux.html"}
{"type":"screen-updated","file":"/Users/kuike/Desktop/RANDOM/Portfolio/.superpowers/brainstorm/97607-1777155582/content/animations-ux.html"}
{"type":"server-stopped","reason":"idle timeout"}
